ark
bluez
bluez-utils
blueman
brightnessctl
cliphist
dunst
ffmpegthumbs
firefox
grimblast-git
gst-plugin-pipewire
hyprland
hyprpicker-git
imagemagick
jq
kanshi
kde-cli-tools
kvantum
networkmanager
network-manager-applet
nwg-look
pacman-contrib
pamixer
parallel
pavucontrol
pipewire
pipewire-alsa
pipewire-audio
pipewire-jack
pipewire-pulse
polkit-kde-agent
rofi-lbonn-wayland-git
sddm-git
slurp
swappy
swaylock-effects-git
swww
qt5ct
qt5-imageformats
qt5-wayland
qt5-quickcontrols
qt5-quickcontrols2
qt5-graphicaleffects
qt6-wayland
waybar
wireplumber
wlogout
wl-clip-persist-git
xdg-desktop-portal-hyprland
